C51 COMPILER V9.60.7.0   SEVEN                                                             05/16/2026 10:43:28 PAGE 1   


C51 COMPILER V9.60.7.0, COMPILATION OF MODULE SEVEN
OBJECT MODULE PLACED IN .\Objects\seven.obj
COMPILER INVOKED BY: C:\Keil_v5\C51\BIN\C51.EXE seven.c OPTIMIZE(8,SPEED) BROWSE DEBUG OBJECTEXTEND PRINT(.\Listings\sev
                    -en.lst) TABS(2) OBJECT(.\Objects\seven.obj)

line level    source

   1          #include<reg51.h>
   2          void msdelay(unsigned int );
   3          sbit buzzer = P2^2;
   4          sbit displ = P2^4;
   5          void main(void) 
   6          {
   7   1        unsigned char seg[10] ={0x3F,0x06,0X0B,0X66,0X6D,0X7D,0X07,0X7F,0X6F};
   8   1        unsigned int x;
   9   1        P0 = 0x00;
  10   1        while(1){
  11   2          buzzer=0;
  12   2          displ=0;
  13   2          for(x=0;x<10;x++)
  14   2          {
  15   3            P0 = seg[x];
  16   3            msdelay(500);
  17   3          }}}
  18          void msdelay(unsigned int m)
  19          {
  20   1        unsigned int i , j ;
  21   1        for (i=0;i<m;i++){
  22   2          for(j=0;j<1275;j++);
  23   2        }}


MODULE INFORMATION:   STATIC OVERLAYABLE
   CODE SIZE        =     97    ----
   CONSTANT SIZE    =     10    ----
   XDATA SIZE       =   ----    ----
   PDATA SIZE       =   ----    ----
   DATA SIZE        =   ----      12
   IDATA SIZE       =   ----    ----
   BIT SIZE         =   ----    ----
END OF MODULE INFORMATION.


C51 COMPILATION COMPLETE.  0 WARNING(S),  0 ERROR(S)
