C51 COMPILER V9.60.7.0   SIX                                                               05/16/2026 10:11:47 PAGE 1   


C51 COMPILER V9.60.7.0, COMPILATION OF MODULE SIX
OBJECT MODULE PLACED IN .\Objects\six.obj
COMPILER INVOKED BY: C:\Keil_v5\C51\BIN\C51.EXE six.c OPTIMIZE(8,SPEED) BROWSE DEBUG OBJECTEXTEND PRINT(.\Listings\six.l
                    -st) TABS(2) OBJECT(.\Objects\six.obj)

line level    source

   1          #include<reg51.h>
   2          void msdelay(unsigned int );
   3          sbit x = P1^3;
   4          void main(void){
   5   1        while(1){
   6   2        x = 1;
   7   2        msdelay(250);
   8   2        x = 0;
   9   2        msdelay(250);
  10   2      }}
  11          void msdelay(unsigned int m)
  12          {
  13   1        unsigned int i , j;
  14   1        for (i=0;i<m;i++){
  15   2          for(j=0;j<1275;j++);
  16   2          }}


MODULE INFORMATION:   STATIC OVERLAYABLE
   CODE SIZE        =     52    ----
   CONSTANT SIZE    =   ----    ----
   XDATA SIZE       =   ----    ----
   PDATA SIZE       =   ----    ----
   DATA SIZE        =   ----    ----
   IDATA SIZE       =   ----    ----
   BIT SIZE         =   ----    ----
END OF MODULE INFORMATION.


C51 COMPILATION COMPLETE.  0 WARNING(S),  0 ERROR(S)
