C51 COMPILER V9.60.7.0   TOGGING                                                           04/06/2026 12:06:47 PAGE 1   


C51 COMPILER V9.60.7.0, COMPILATION OF MODULE TOGGING
OBJECT MODULE PLACED IN .\Objects\togging.obj
COMPILER INVOKED BY: C:\Keil_v5\C51\BIN\C51.EXE togging.c OPTIMIZE(8,SPEED) BROWSE DEBUG OBJECTEXTEND PRINT(.\Listings\t
                    -ogging.lst) TABS(2) OBJECT(.\Objects\togging.obj)

line level    source

   1          #include <reg51.h>
   2          
   3          sbit LED1 = P1^1;
   4          sbit LED2 = P1^2;
   5          
   6          void delay() {
   7   1          int i,j;
   8   1          for(i=0;i<200;i++)
   9   1              for(j=0;j<1275;j++);
  10   1      }
  11          
  12          void main() {
  13   1          while(1) {
  14   2              LED1 = 0;   // ON
  15   2              LED2 = 1;   // OFF
  16   2              delay();
  17   2      
  18   2              LED1 = 1;   // OFF
  19   2              LED2 = 0;   // ON
  20   2              delay();
  21   2          }
  22   1      }


MODULE INFORMATION:   STATIC OVERLAYABLE
   CODE SIZE        =     45    ----
   CONSTANT SIZE    =   ----    ----
   XDATA SIZE       =   ----    ----
   PDATA SIZE       =   ----    ----
   DATA SIZE        =   ----    ----
   IDATA SIZE       =   ----    ----
   BIT SIZE         =   ----    ----
END OF MODULE INFORMATION.


C51 COMPILATION COMPLETE.  0 WARNING(S),  0 ERROR(S)
